22:00:16: Creating resource group General
22:00:16: Creating resource group Internal
22:00:16: Creating resource group Autodetect
22:00:16: Registering ResourceManager for type Mesh
22:00:16: Registering ResourceManager for type Material
22:00:16: Registering ResourceManager for type Skeleton
22:00:16: XMLMeshSerializer reading mesh data from Sphere.mesh.xml...
22:00:16: Reading submeshes...
22:00:16: Reading geometry...
22:00:16: Geometry done...
22:00:16: Submeshes done.
22:00:16: XMLMeshSerializer import successful.
22:00:16: Reorganising vertex buffers to automatic layout..
22:00:16: MeshSerializer writing mesh data to Sphere.mesh...
22:00:16: File header written.
22:00:16: Writing mesh data...
22:00:16: Writing submesh...
22:00:16: Exporting submesh texture aliases...
22:00:16: Submesh texture aliases exported.
22:00:16: Submesh exported.
22:00:16: Exporting bounds information....
22:00:16: Bounds information exported.
22:00:16: Exporting submesh name table...
22:00:16: Submesh name table exported.
22:00:16: Exporting edge lists...
22:00:16: Edge lists exported
22:00:16: Mesh data exported.
22:00:16: MeshSerializer export successful.
22:00:16: Unregistering ResourceManager for type Skeleton
22:00:16: Unregistering ResourceManager for type Material
22:00:16: Unregistering ResourceManager for type Mesh
