10/11/2011 13:49:56 (Std) 	+-+-+-+-+-+-+-+-+-+-+-+-+-+-+-+-+-+-+-+-+-+-+-+-+-+-+-+-+-+-+-+-+-+-+-+-+-+-+-+
10/11/2011 13:49:56 (Std) 	+                     Crazy Eddie's GUI System - Event log                    +
10/11/2011 13:49:56 (Std) 	+                          (http://www.cegui.org.uk/)                         +
10/11/2011 13:49:56 (Std) 	+-+-+-+-+-+-+-+-+-+-+-+-+-+-+-+-+-+-+-+-+-+-+-+-+-+-+-+-+-+-+-+-+-+-+-+-+-+-+-+

10/11/2011 13:49:56 (Std) 	CEGUI::Logger singleton created. (0x2824df0)
10/11/2011 13:49:56 (Std) 	
10/11/2011 13:49:56 (Std) 	********************************************************************************
10/11/2011 13:49:56 (Std) 	* Important:                                                                   *
10/11/2011 13:49:56 (Std) 	*     To get support at the CEGUI forums, you must post _at least_ the section *
10/11/2011 13:49:56 (Std) 	*     of this log file indicated below.  Failure to do this will result in no  *
10/11/2011 13:49:56 (Std) 	*     support being given; please do not waste our time.                       *
10/11/2011 13:49:56 (Std) 	********************************************************************************
10/11/2011 13:49:56 (Std) 	********************************************************************************
10/11/2011 13:49:56 (Std) 	* -------- START OF ESSENTIAL SECTION TO BE POSTED ON THE FORUM       -------- *
10/11/2011 13:49:56 (Std) 	********************************************************************************
10/11/2011 13:49:56 (Std) 	---- Version 0.7.5 (Build: Nov 10 2011 GNU/Linux g++ 4.6.1 64 bit) ----
10/11/2011 13:49:56 (Std) 	---- Renderer module is: CEGUI::OgreRenderer - Official OGRE based 2nd generation renderer module. ----
10/11/2011 13:49:56 (Std) 	---- XML Parser module is: CEGUI::TinyXMLParser - Official tinyXML based parser module for CEGUI ----
10/11/2011 13:49:56 (Std) 	---- Image Codec module is: OgreImageCodec - Integrated ImageCodec using the Ogre engine. ----
10/11/2011 13:49:56 (Std) 	---- Scripting module is: None ----
10/11/2011 13:49:56 (Std) 	********************************************************************************
10/11/2011 13:49:56 (Std) 	* -------- END OF ESSENTIAL SECTION TO BE POSTED ON THE FORUM         -------- *
10/11/2011 13:49:56 (Std) 	********************************************************************************
10/11/2011 13:49:56 (Std) 	
10/11/2011 13:49:56 (Std) 	---- Begining CEGUI System initialisation ----
10/11/2011 13:49:56 (Std) 	CEGUI::ImagesetManager singleton created (0x2825d00)
10/11/2011 13:49:56 (Std) 	CEGUI::FontManager singleton created. (0x2827250)
10/11/2011 13:49:56 (Std) 	CEGUI::WindowFactoryManager singleton created
10/11/2011 13:49:56 (Std) 	CEGUI::WindowManager singleton created (0x2827380)
10/11/2011 13:49:56 (Std) 	CEGUI::SchemeManager singleton created. (0x2827420)
10/11/2011 13:49:56 (Std) 	CEGUI::MouseCursor singleton created. (0x2827550)
10/11/2011 13:49:56 (Std) 	CEGUI::GlobalEventSet singleton created. (0x2826160)
10/11/2011 13:49:56 (Std) 	CEGUI::AnimationManager singleton created (0x2825c00)
10/11/2011 13:49:56 (Std) 	CEGUI::WidgetLookManager singleton created. (0x2827730)
10/11/2011 13:49:56 (Std) 	CEGUI::WindowRendererManager singleton created (0x282ad20)
10/11/2011 13:49:56 (Std) 	CEGUI::RenderEffectManager singleton created (0x282ad60)
10/11/2011 13:49:56 (Std) 	Created WindowFactory for 'DefaultWindow' windows.
10/11/2011 13:49:56 (Std) 	WindowFactory for 'DefaultWindow' windows added. (0x282add0)
10/11/2011 13:49:56 (Std) 	Created WindowFactory for 'DragContainer' windows.
10/11/2011 13:49:56 (Std) 	WindowFactory for 'DragContainer' windows added. (0x282ae90)
10/11/2011 13:49:56 (Std) 	Created WindowFactory for 'ScrolledContainer' windows.
10/11/2011 13:49:56 (Std) 	WindowFactory for 'ScrolledContainer' windows added. (0x282b140)
10/11/2011 13:49:56 (Std) 	Created WindowFactory for 'ClippedContainer' windows.
10/11/2011 13:49:56 (Std) 	WindowFactory for 'ClippedContainer' windows added. (0x282b2e0)
10/11/2011 13:49:56 (Std) 	Created WindowFactory for 'CEGUI/Checkbox' windows.
10/11/2011 13:49:56 (Std) 	WindowFactory for 'CEGUI/Checkbox' windows added. (0x282b480)
10/11/2011 13:49:56 (Std) 	Created WindowFactory for 'CEGUI/PushButton' windows.
10/11/2011 13:49:56 (Std) 	WindowFactory for 'CEGUI/PushButton' windows added. (0x282b620)
10/11/2011 13:49:56 (Std) 	Created WindowFactory for 'CEGUI/RadioButton' windows.
10/11/2011 13:49:56 (Std) 	WindowFactory for 'CEGUI/RadioButton' windows added. (0x282b6e0)
10/11/2011 13:49:56 (Std) 	Created WindowFactory for 'CEGUI/Combobox' windows.
10/11/2011 13:49:56 (Std) 	WindowFactory for 'CEGUI/Combobox' windows added. (0x282b9a0)
10/11/2011 13:49:56 (Std) 	Created WindowFactory for 'CEGUI/ComboDropList' windows.
10/11/2011 13:49:56 (Std) 	WindowFactory for 'CEGUI/ComboDropList' windows added. (0x282bb40)
10/11/2011 13:49:56 (Std) 	Created WindowFactory for 'CEGUI/Editbox' windows.
10/11/2011 13:49:56 (Std) 	WindowFactory for 'CEGUI/Editbox' windows added. (0x282be00)
10/11/2011 13:49:56 (Std) 	Created WindowFactory for 'CEGUI/FrameWindow' windows.
10/11/2011 13:49:56 (Std) 	WindowFactory for 'CEGUI/FrameWindow' windows added. (0x282bfa0)
10/11/2011 13:49:56 (Std) 	Created WindowFactory for 'CEGUI/ItemEntry' windows.
10/11/2011 13:49:56 (Std) 	WindowFactory for 'CEGUI/ItemEntry' windows added. (0x282c140)
10/11/2011 13:49:56 (Std) 	Created WindowFactory for 'CEGUI/Listbox' windows.
10/11/2011 13:49:56 (Std) 	WindowFactory for 'CEGUI/Listbox' windows added. (0x282c2e0)
10/11/2011 13:49:56 (Std) 	Created WindowFactory for 'CEGUI/ListHeader' windows.
10/11/2011 13:49:56 (Std) 	WindowFactory for 'CEGUI/ListHeader' windows added. (0x282c480)
10/11/2011 13:49:56 (Std) 	Created WindowFactory for 'CEGUI/ListHeaderSegment' windows.
10/11/2011 13:49:56 (Std) 	WindowFactory for 'CEGUI/ListHeaderSegment' windows added. (0x282c620)
10/11/2011 13:49:56 (Std) 	Created WindowFactory for 'CEGUI/Menubar' windows.
10/11/2011 13:49:56 (Std) 	WindowFactory for 'CEGUI/Menubar' windows added. (0x282c7c0)
10/11/2011 13:49:56 (Std) 	Created WindowFactory for 'CEGUI/PopupMenu' windows.
10/11/2011 13:49:56 (Std) 	WindowFactory for 'CEGUI/PopupMenu' windows added. (0x282c960)
10/11/2011 13:49:56 (Std) 	Created WindowFactory for 'CEGUI/MenuItem' windows.
10/11/2011 13:49:56 (Std) 	WindowFactory for 'CEGUI/MenuItem' windows added. (0x282bc00)
10/11/2011 13:49:56 (Std) 	Created WindowFactory for 'CEGUI/MultiColumnList' windows.
10/11/2011 13:49:56 (Std) 	WindowFactory for 'CEGUI/MultiColumnList' windows added. (0x282ccf0)
10/11/2011 13:49:56 (Std) 	Created WindowFactory for 'CEGUI/MultiLineEditbox' windows.
10/11/2011 13:49:56 (Std) 	WindowFactory for 'CEGUI/MultiLineEditbox' windows added. (0x282ce90)
10/11/2011 13:49:56 (Std) 	Created WindowFactory for 'CEGUI/ProgressBar' windows.
10/11/2011 13:49:56 (Std) 	WindowFactory for 'CEGUI/ProgressBar' windows added. (0x282cf50)
10/11/2011 13:49:56 (Std) 	Created WindowFactory for 'CEGUI/ScrollablePane' windows.
10/11/2011 13:49:56 (Std) 	WindowFactory for 'CEGUI/ScrollablePane' windows added. (0x282d260)
10/11/2011 13:49:56 (Std) 	Created WindowFactory for 'CEGUI/Scrollbar' windows.
10/11/2011 13:49:56 (Std) 	WindowFactory for 'CEGUI/Scrollbar' windows added. (0x282d400)
10/11/2011 13:49:56 (Std) 	Created WindowFactory for 'CEGUI/Slider' windows.
10/11/2011 13:49:56 (Std) 	WindowFactory for 'CEGUI/Slider' windows added. (0x282d5a0)
10/11/2011 13:49:56 (Std) 	Created WindowFactory for 'CEGUI/Spinner' windows.
10/11/2011 13:49:56 (Std) 	WindowFactory for 'CEGUI/Spinner' windows added. (0x282d860)
10/11/2011 13:49:56 (Std) 	Created WindowFactory for 'CEGUI/TabButton' windows.
10/11/2011 13:49:56 (Std) 	WindowFactory for 'CEGUI/TabButton' windows added. (0x282da00)
10/11/2011 13:49:56 (Std) 	Created WindowFactory for 'CEGUI/TabControl' windows.
10/11/2011 13:49:56 (Std) 	WindowFactory for 'CEGUI/TabControl' windows added. (0x282dba0)
10/11/2011 13:49:56 (Std) 	Created WindowFactory for 'CEGUI/Thumb' windows.
10/11/2011 13:49:56 (Std) 	WindowFactory for 'CEGUI/Thumb' windows added. (0x282dd40)
10/11/2011 13:49:56 (Std) 	Created WindowFactory for 'CEGUI/Titlebar' windows.
10/11/2011 13:49:56 (Std) 	WindowFactory for 'CEGUI/Titlebar' windows added. (0x282dee0)
10/11/2011 13:49:56 (Std) 	Created WindowFactory for 'CEGUI/Tooltip' windows.
10/11/2011 13:49:56 (Std) 	WindowFactory for 'CEGUI/Tooltip' windows added. (0x282e080)
10/11/2011 13:49:56 (Std) 	Created WindowFactory for 'CEGUI/ItemListbox' windows.
10/11/2011 13:49:56 (Std) 	WindowFactory for 'CEGUI/ItemListbox' windows added. (0x282e220)
10/11/2011 13:49:56 (Std) 	Created WindowFactory for 'CEGUI/GroupBox' windows.
10/11/2011 13:49:56 (Std) 	WindowFactory for 'CEGUI/GroupBox' windows added. (0x282e3c0)
10/11/2011 13:49:56 (Std) 	Created WindowFactory for 'CEGUI/Tree' windows.
10/11/2011 13:49:56 (Std) 	WindowFactory for 'CEGUI/Tree' windows added. (0x282e560)
10/11/2011 13:49:56 (Std) 	Created WindowFactory for 'HorizontalLayoutContainer' windows.
10/11/2011 13:49:56 (Std) 	WindowFactory for 'HorizontalLayoutContainer' windows added. (0x282cb00)
10/11/2011 13:49:56 (Std) 	Created WindowFactory for 'VerticalLayoutContainer' windows.
10/11/2011 13:49:56 (Std) 	WindowFactory for 'VerticalLayoutContainer' windows added. (0x282e9f0)
10/11/2011 13:49:56 (Std) 	Created WindowFactory for 'GridLayoutContainer' windows.
10/11/2011 13:49:56 (Std) 	WindowFactory for 'GridLayoutContainer' windows added. (0x282eb90)
10/11/2011 13:49:56 (Std) 	Window type alias named 'DefaultGUISheet' added for window type 'DefaultWindow'.
10/11/2011 13:49:56 (Std) 	CEGUI::System singleton created. (0x28249e0)
10/11/2011 13:49:56 (Std) 	---- CEGUI System initialisation completed ----
10/11/2011 13:49:56 (Std) 	
